Added Component: Designator=C1(EEUFR1V101B)
Added Component: Designator=C2(TH CAPACITOR)
Added Component: Designator=C3(10uf capacitance)
Added Component: Designator=C4(10uf capacitance)
Added Component: Designator=C5(TH CAPACITOR)
Added Component: Designator=C6(TH CAPACITOR)
Added Component: Designator=C7(TH CAPACITOR)
Added Component: Designator=C8(TH CAPACITOR)
Added Component: Designator=J1(JUMPER)
Added Component: Designator=J2(JUMPER)
Added Component: Designator=JK1(DC BARREL JACK)
Add component (AddParameter): Name = "Availability"; Value = "Unavailable"; VariantName = "[No Variations]"
Add component (AddParameter): Name = "MF"; Value = "MPD"; VariantName = "[No Variations]"
Add component (AddParameter): Name = "MP"; Value = "EJ508A"; VariantName = "[No Variations]"
Add component (AddParameter): Name = "Package"; Value = "Non-Standard MPD"; VariantName = "[No Variations]"
Add component (AddParameter): Name = "Price"; Value = "None"; VariantName = "[No Variations]"
Add component (AddParameter): Name = "SnapEDA_Link"; Value = "https://www.snapeda.com/parts/EJ508A/MPD%20%28Memory%20Protection%20Devices%29/view-part/474399/?ref=snap"; VariantName = "[No Variations]"
Add component (AddParameter): Name = "Value"; Value = ""; VariantName = "[No Variations]"
Added Component: Designator=P1(1x3 header)
Added Component: Designator=P2(2x5 HEADER)
Added Component: Designator=R1(TH RESISTOR)
Added Component: Designator=R2(POTANTIOMETER)
Added Component: Designator=R3(TH RESISTOR)
Added Component: Designator=R4(TH RESISTOR)
Added Component: Designator=R5(TH RESISTOR)
Added Component: Designator=R6(TH RESISTOR)
Added Component: Designator=R7(POTANTIOMETER)
Added Component: Designator=R8(POTANTIOMETER)
Added Component: Designator=U1(XR2206)
Added Pin To Net: NetName=VCC Pin=C1-1
Added Pin To Net: NetName=GND Pin=C1-2
Added Pin To Net: NetName=VCC Pin=C2-1
Added Pin To Net: NetName=GND Pin=C2-2
Added Pin To Net: NetName=NetC3_1 Pin=C3-1
Added Pin To Net: NetName=GND Pin=C3-2
Added Pin To Net: NetName=NetC4_1 Pin=C4-1
Added Pin To Net: NetName=NetC4_2 Pin=C4-2
Added Pin To Net: NetName=NetC4_2 Pin=C5-1
Added Pin To Net: NetName=NetC5_2 Pin=C5-2
Added Pin To Net: NetName=NetC4_2 Pin=C6-1
Added Pin To Net: NetName=NetC6_2 Pin=C6-2
Added Pin To Net: NetName=NetC4_2 Pin=C7-1
Added Pin To Net: NetName=NetC7_2 Pin=C7-2
Added Pin To Net: NetName=NetC4_2 Pin=C8-1
Added Pin To Net: NetName=NetC7_2 Pin=C8-2
Added Pin To Net: NetName=NetJ1_1 Pin=J1-1
Added Pin To Net: NetName=NetJ1_2 Pin=J1-2
Added Pin To Net: NetName=VCC Pin=JK1-1
Added Pin To Net: NetName=GND Pin=JK1-2
Added Pin To Net: NetName=GND Pin=JK1-3
Added Pin To Net: NetName=NetP1_1 Pin=P1-1
Added Pin To Net: NetName=NetP1_2 Pin=P1-2
Added Pin To Net: NetName=GND Pin=P1-3
Added Pin To Net: NetName=NetP2_1 Pin=P2-1
Added Pin To Net: NetName=NetP2_1 Pin=P2-2
Added Pin To Net: NetName=NetP2_1 Pin=P2-3
Added Pin To Net: NetName=NetP2_1 Pin=P2-4
Added Pin To Net: NetName=NetC4_1 Pin=P2-5
Added Pin To Net: NetName=NetC5_2 Pin=P2-6
Added Pin To Net: NetName=NetC6_2 Pin=P2-7
Added Pin To Net: NetName=NetC7_2 Pin=P2-8
Added Pin To Net: NetName=VCC Pin=R1-1
Added Pin To Net: NetName=NetP1_2 Pin=R1-2
Added Pin To Net: NetName=NetR2_1 Pin=R2-1
Added Pin To Net: NetName=NetR2_2 Pin=R2-2
Added Pin To Net: NetName=NetR2_2 Pin=R2-3
Added Pin To Net: NetName=VCC Pin=R3-1
Added Pin To Net: NetName=NetR2_2 Pin=R3-2
Added Pin To Net: NetName=NetR4_1 Pin=R4-1
Added Pin To Net: NetName=NetJ1_1 Pin=R4-2
Added Pin To Net: NetName=GND Pin=R5-1
Added Pin To Net: NetName=NetR2_2 Pin=R5-2
Added Pin To Net: NetName=NetR6_1 Pin=R6-1
Added Pin To Net: NetName=NetR6_2 Pin=R6-2
Added Pin To Net: NetName=NetR7_1 Pin=R7-1
Added Pin To Net: NetName=NetR6_2 Pin=R7-2
Added Pin To Net: NetName=NetR6_2 Pin=R7-3
Added Pin To Net: NetName=GND Pin=R8-1
Added Pin To Net: NetName=NetR7_1 Pin=R8-2
Added Pin To Net: NetName=NetR7_1 Pin=R8-3
Added Pin To Net: NetName=GND Pin=U1-1
Added Pin To Net: NetName=NetP1_1 Pin=U1-2
Added Pin To Net: NetName=NetR2_1 Pin=U1-3
Added Pin To Net: NetName=VCC Pin=U1-4
Added Pin To Net: NetName=NetP2_1 Pin=U1-5
Added Pin To Net: NetName=NetC4_2 Pin=U1-6
Added Pin To Net: NetName=NetR6_1 Pin=U1-7
Added Pin To Net: NetName=NetC3_1 Pin=U1-10
Added Pin To Net: NetName=NetP1_2 Pin=U1-11
Added Pin To Net: NetName=GND Pin=U1-12
Added Pin To Net: NetName=NetR4_1 Pin=U1-13
Added Pin To Net: NetName=NetJ1_2 Pin=U1-14
Added Member To Class: ClassName=Sheet1 Member=Component C1 100uF CAPATICANCE
Added Member To Class: ClassName=Sheet1 Member=Component C2 0.1uF capaticance
Added Member To Class: ClassName=Sheet1 Member=Component C3 10uF TH CAPACITANCE
Added Member To Class: ClassName=Sheet1 Member=Component C4 10uF TH CAPACITANCE
Added Member To Class: ClassName=Sheet1 Member=Component C5 105 capaticance
Added Member To Class: ClassName=Sheet1 Member=Component C6 473 capaticance
Added Member To Class: ClassName=Sheet1 Member=Component C7 222 capaticance
Added Member To Class: ClassName=Sheet1 Member=Component C8 101 capacitance
Added Member To Class: ClassName=Sheet1 Member=Component J1 JUMPER
Added Member To Class: ClassName=Sheet1 Member=Component J2 JUMPER
Added Member To Class: ClassName=Sheet1 Member=Component JK1 DC Barrek Jack_-
Added Member To Class: ClassName=Sheet1 Member=Component P1 1x3 header
Added Member To Class: ClassName=Sheet1 Member=Component P2 2.54mm 2x5 TH Header
Added Member To Class: ClassName=Sheet1 Member=Component R1 1K TH RESISTOR
Added Member To Class: ClassName=Sheet1 Member=Component R2 50K POTANTIOMETER
Added Member To Class: ClassName=Sheet1 Member=Component R3 5.1K TH RESISTOR
Added Member To Class: ClassName=Sheet1 Member=Component R4 330 OHM TH RESISTOR
Added Member To Class: ClassName=Sheet1 Member=Component R5 5.1K TH RESISTOR
Added Member To Class: ClassName=Sheet1 Member=Component R6 5.1K TH RESISTOR
Added Member To Class: ClassName=Sheet1 Member=Component R7 50K POTANTIOMETER
Added Member To Class: ClassName=Sheet1 Member=Component R8 100K POTANTIOMETER
Added Member To Class: ClassName=Sheet1 Member=Component U1 XR2206
Added Room: Name=Sheet1
